apache2
cronolog
curl
libanyevent-perl
libapache2-mod-fastcgi
libcache-memcached-perl
libdatetime-perl
libdatetime-perl
libdbd-pg-perl
libdbi-perl
libev-perl
libfcgi-perl
libfcgi-procmanager-perl
libfile-temp-perl
libfile-temp-perl
libio-string-perl
libio-string-perl
libjson-perl
liblog-dispatch-filerotate-perl
liblog-dispatch-perl
libmime-base64-perl
libmime-types-perl
libmodule-build-perl
libmro-compat-perl
libplack-perl
libspreadsheet-writeexcel-perl
libstarman-perl
libtest-simple-perl
libtext-csv-perl
libur-perl
libweb-simple-perl
libwebservice-solr-perl
libwww-perl
libxml-libxml-perl
libxml-libxslt-perl
libxml-simple-perl
memcached
postgresql
postgresql-client
solr-common
sqlite3
tomcat6
libnet-statsd-perl
libfilesys-df-perl
tcl-dev

